

#Run Scripts:

psql.bin: could not connect to server: Conexión rehusada
	Is the server running on host "localhost" (::1) and accepting
	TCP/IP connections on port 5433?
could not connect to server: Conexión rehusada
	Is the server running on host "localhost" (127.0.0.1) and accepting
	TCP/IP connections on port 5433?
psql.bin: could not connect to server: Conexión rehusada
	Is the server running on host "localhost" (::1) and accepting
	TCP/IP connections on port 5433?
could not connect to server: Conexión rehusada
	Is the server running on host "localhost" (127.0.0.1) and accepting
	TCP/IP connections on port 5433?
psql.bin: could not connect to server: Conexión rehusada
	Is the server running on host "localhost" (::1) and accepting
	TCP/IP connections on port 5433?
could not connect to server: Conexión rehusada
	Is the server running on host "localhost" (127.0.0.1) and accepting
	TCP/IP connections on port 5433?
psql.bin: could not connect to server: Conexión rehusada
	Is the server running on host "localhost" (::1) and accepting
	TCP/IP connections on port 5433?
could not connect to server: Conexión rehusada
	Is the server running on host "localhost" (127.0.0.1) and accepting
	TCP/IP connections on port 5433?
psql.bin: could not connect to server: Conexión rehusada
	Is the server running on host "localhost" (::1) and accepting
	TCP/IP connections on port 5433?
could not connect to server: Conexión rehusada
	Is the server running on host "localhost" (127.0.0.1) and accepting
	TCP/IP connections on port 5433?
psql.bin: could not connect to server: Conexión rehusada
	Is the server running on host "localhost" (::1) and accepting
	TCP/IP connections on port 5433?
could not connect to server: Conexión rehusada
	Is the server running on host "localhost" (127.0.0.1) and accepting
	TCP/IP connections on port 5433?
